Thu Jan  2 21:46:41 2025
Reading from checkpoint /global/scratch/users/jcate/23S_triples_finetune_0_18_6_300_rot_flash_update.pt
number of parameters: 19.48M
Loading meta from /global/home/groups-sw/pc_rnallm/jamie/Superset_triples_meta.pkl...
{'AAA': 0, 'AAU': 1, 'AAG': 2, 'AAC': 3, 'AUA': 4, 'AUU': 5, 'AUG': 6, 'AUC': 7, 'AGA': 8, 'AGU': 9, 'AGG': 10, 'AGC': 11, 'ACA': 12, 'ACU': 13, 'ACG': 14, 'ACC': 15, 'UAA': 16, 'UAU': 17, 'UAG': 18, 'UAC': 19, 'UUA': 20, 'UUU': 21, 'UUG': 22, 'UUC': 23, 'UGA': 24, 'UGU': 25, 'UGG': 26, 'UGC': 27, 'UCA': 28, 'UCU': 29, 'UCG': 30, 'UCC': 31, 'GAA': 32, 'GAU': 33, 'GAG': 34, 'GAC': 35, 'GUA': 36, 'GUU': 37, 'GUG': 38, 'GUC': 39, 'GGA': 40, 'GGU': 41, 'GGG': 42, 'GGC': 43, 'GCA': 44, 'GCU': 45, 'GCG': 46, 'GCC': 47, 'CAA': 48, 'CAU': 49, 'CAG': 50, 'CAC': 51, 'CUA': 52, 'CUU': 53, 'CUG': 54, 'CUC': 55, 'CGA': 56, 'CGU': 57, 'CGG': 58, 'CGC': 59, 'CCA': 60, 'CCU': 61, 'CCG': 62, 'CCC': 63, '5AA': 64, '5AU': 65, '5AG': 66, '5AC': 67, '5UA': 68, '5UU': 69, '5UG': 70, '5UC': 71, '5GA': 72, '5GU': 73, '5GG': 74, '5GC': 75, '5CA': 76, '5CU': 77, '5CG': 78, '5CC': 79, 'AA3': 80, 'AU3': 81, 'AG3': 82, 'AC3': 83, 'UA3': 84, 'UU3': 85, 'UG3': 86, 'UC3': 87, 'GA3': 88, 'GU3': 89, 'GG3': 90, 'GC3': 91, 'CA3': 92, 'CU3': 93, 'CG3': 94, 'CC3': 95, '---': 96}
{0: 'AAA', 1: 'AAU', 2: 'AAG', 3: 'AAC', 4: 'AUA', 5: 'AUU', 6: 'AUG', 7: 'AUC', 8: 'AGA', 9: 'AGU', 10: 'AGG', 11: 'AGC', 12: 'ACA', 13: 'ACU', 14: 'ACG', 15: 'ACC', 16: 'UAA', 17: 'UAU', 18: 'UAG', 19: 'UAC', 20: 'UUA', 21: 'UUU', 22: 'UUG', 23: 'UUC', 24: 'UGA', 25: 'UGU', 26: 'UGG', 27: 'UGC', 28: 'UCA', 29: 'UCU', 30: 'UCG', 31: 'UCC', 32: 'GAA', 33: 'GAU', 34: 'GAG', 35: 'GAC', 36: 'GUA', 37: 'GUU', 38: 'GUG', 39: 'GUC', 40: 'GGA', 41: 'GGU', 42: 'GGG', 43: 'GGC', 44: 'GCA', 45: 'GCU', 46: 'GCG', 47: 'GCC', 48: 'CAA', 49: 'CAU', 50: 'CAG', 51: 'CAC', 52: 'CUA', 53: 'CUU', 54: 'CUG', 55: 'CUC', 56: 'CGA', 57: 'CGU', 58: 'CGG', 59: 'CGC', 60: 'CCA', 61: 'CCU', 62: 'CCG', 63: 'CCC', 64: '5AA', 65: '5AU', 66: '5AG', 67: '5AC', 68: '5UA', 69: '5UU', 70: '5UG', 71: '5UC', 72: '5GA', 73: '5GU', 74: '5GG', 75: '5GC', 76: '5CA', 77: '5CU', 78: '5CG', 79: '5CC', 80: 'AA3', 81: 'AU3', 82: 'AG3', 83: 'AC3', 84: 'UA3', 85: 'UU3', 86: 'UG3', 87: 'UC3', 88: 'GA3', 89: 'GU3', 90: 'GG3', 91: 'GC3', 92: 'CA3', 93: 'CU3', 94: 'CG3', 95: 'CC3', 96: '---'}
input has 32 sequences and 2902 tokens per sequence
[]
Header	Sequence Number	Log Probability
1	-129.8840	
2	-139.5163	 2473C
3	-135.3194	 2474C
4	-134.7208	 2477C
5	-137.8522	 2554C
6	-138.0230	 2555C
7	-147.6123	 2473C,2474C
8	-142.8818	 2473C,2477C
9	-148.2935	 2473C,2554C
10	-148.4486	 2473C,2555C
11	-140.8946	 2474C,2477C
12	-143.8971	 2474C,2554C
13	-143.2901	 2474C,2555C
14	-142.4279	 2477C,2554C
15	-142.1487	 2477C,2555C
16	-143.1855	 2554C,2555C
17	-150.6269	 2473C,2474C,2477C
18	-156.3980	 2473C,2474C,2554C
19	-155.7345	 2473C,2474C,2555C
20	-151.2191	 2473C,2477C,2554C
21	-151.1498	 2473C,2477C,2555C
22	-153.8336	 2473C,2554C,2555C
23	-149.3435	 2474C,2477C,2554C
24	-148.4416	 2474C,2477C,2555C
25	-148.8929	 2474C,2554C,2555C
26	-147.4077	 2477C,2554C,2555C
27	-159.0682	 2473C,2474C,2477C,2554C
28	-158.2982	 2473C,2474C,2477C,2555C
29	-160.8198	 2473C,2474C,2554C,2555C
30	-156.4070	 2473C,2477C,2554C,2555C
31	-154.3031	 2474C,2477C,2554C,2555C
32	-163.5331	 2473C,2474C,2477C,2554C,2555C
